<?xml version="1.0" encoding="UTF-8" standalone="no"?>
<!DOCTYPE log SYSTEM "logger.dtd">
<log>
<record>
  <date>2019-08-12T16:14:41</date>
  <millis>1565626481999</millis>
  <sequence>0</sequence>
  <level>START</level>
  <class>com.kms.katalon.core.logging.XmlKeywordLogger</class>
  <method>startSuite</method>
  <thread>1</thread>
  <message>Start Test Suite : Test Suites/Allocation/Suite_Allocation</message>
  <nestedLevel>0</nestedLevel>
  <property name="name">Suite_Allocation</property>
  <property name="description"></property>
  <property name="id">Test Suites/Allocation/Suite_Allocation</property>
</record>
<record>
  <date>2019-08-12T16:14:42</date>
  <millis>1565626482018</millis>
  <sequence>1</sequence>
  <level>RUN_DATA</level>
  <class>com.kms.katalon.core.logging.XmlKeywordLogger</class>
  <method>logMessage</method>
  <thread>1</thread>
  <message>hostName = C\uFFFDlia Roma - DESKTOP-P6I39NA</message>
  <nestedLevel>0</nestedLevel>
  <property name="hostName">C\uFFFDlia Roma - DESKTOP-P6I39NA</property>
</record>
<record>
  <date>2019-08-12T16:14:42</date>
  <millis>1565626482019</millis>
  <sequence>2</sequence>
  <level>RUN_DATA</level>
  <class>com.kms.katalon.core.logging.XmlKeywordLogger</class>
  <method>logMessage</method>
  <thread>1</thread>
  <message>os = Windows 10 64bit</message>
  <nestedLevel>0</nestedLevel>
  <property name="os">Windows 10 64bit</property>
</record>
<record>
  <date>2019-08-12T16:14:42</date>
  <millis>1565626482020</millis>
  <sequence>3</sequence>
  <level>RUN_DATA</level>
  <class>com.kms.katalon.core.logging.XmlKeywordLogger</class>
  <method>logMessage</method>
  <thread>1</thread>
  <message>hostAddress = 192.168.0.104</message>
  <nestedLevel>0</nestedLevel>
  <property name="hostAddress">192.168.0.104</property>
</record>
<record>
  <date>2019-08-12T16:14:42</date>
  <millis>1565626482022</millis>
  <sequence>4</sequence>
  <level>RUN_DATA</level>
  <class>com.kms.katalon.core.logging.XmlKeywordLogger</class>
  <method>logMessage</method>
  <thread>1</thread>
  <message>katalonVersion = 6.3.0.1</message>
  <nestedLevel>0</nestedLevel>
  <property name="katalonVersion">6.3.0.1</property>
</record>
</log>
